<?xml version="1.0" encoding="UTF-8"?>
<testsuite xmlns:xsi="http://www.w3.org/2001/XMLSchema-instance" xsi:noNamespaceSchemaLocation="https://maven.apache.org/surefire/maven-surefire-plugin/xsd/surefire-test-report.xsd" name="testrunner.TestRunner" time="28.984" tests="1" errors="0" skipped="0" failures="0">
  <properties>
    <property name="java.specification.version" value="17"/>
    <property name="sun.jnu.encoding" value="UTF-8"/>
    <property name="java.class.path" value="/Users/swapnil.mirkute/eclipse-workspace/e2e-ui-automation/target/test-classes:/Users/swapnil.mirkute/eclipse-workspace/e2e-ui-automation/target/classes:/Users/swapnil.mirkute/.m2/repository/net/masterthought/cucumber-reporting/5.3.0/cucumber-reporting-5.3.0.jar:/Users/swapnil.mirkute/.m2/repository/com/fasterxml/jackson/core/jackson-databind/2.10.1/jackson-databind-2.10.1.jar:/Users/swapnil.mirkute/.m2/repository/com/fasterxml/jackson/core/jackson-annotations/2.10.1/jackson-annotations-2.10.1.jar:/Users/swapnil.mirkute/.m2/repository/com/fasterxml/jackson/core/jackson-core/2.10.1/jackson-core-2.10.1.jar:/Users/swapnil.mirkute/.m2/repository/com/fasterxml/jackson/datatype/jackson-datatype-jsr310/2.10.1/jackson-datatype-jsr310-2.10.1.jar:/Users/swapnil.mirkute/.m2/repository/org/apache/velocity/velocity-engine-core/2.1/velocity-engine-core-2.1.jar:/Users/swapnil.mirkute/.m2/repository/org/slf4j/slf4j-api/1.7.26/slf4j-api-1.7.26.jar:/Users/swapnil.mirkute/.m2/repository/commons-collections/commons-collections/3.2.2/commons-collections-3.2.2.jar:/Users/swapnil.mirkute/.m2/repository/joda-time/joda-time/2.10.5/joda-time-2.10.5.jar:/Users/swapnil.mirkute/.m2/repository/org/apache/commons/commons-lang3/3.9/commons-lang3-3.9.jar:/Users/swapnil.mirkute/.m2/repository/commons-io/commons-io/2.6/commons-io-2.6.jar:/Users/swapnil.mirkute/.m2/repository/org/codehaus/plexus/plexus-utils/3.3.0/plexus-utils-3.3.0.jar:/Users/swapnil.mirkute/.m2/repository/org/jsoup/jsoup/1.12.1/jsoup-1.12.1.jar:/Users/swapnil.mirkute/.m2/repository/com/googlecode/owasp-java-html-sanitizer/owasp-java-html-sanitizer/20191001.1/owasp-java-html-sanitizer-20191001.1.jar:/Users/swapnil.mirkute/.m2/repository/commons-configuration/commons-configuration/1.10/commons-configuration-1.10.jar:/Users/swapnil.mirkute/.m2/repository/commons-lang/commons-lang/2.6/commons-lang-2.6.jar:/Users/swapnil.mirkute/.m2/repository/commons-logging/commons-logging/1.1.1/commons-logging-1.1.1.jar:/Users/swapnil.mirkute/.m2/repository/junit/junit/4.12/junit-4.12.jar:/Users/swapnil.mirkute/.m2/repository/org/hamcrest/hamcrest-core/1.3/hamcrest-core-1.3.jar:/Users/swapnil.mirkute/.m2/repository/io/cucumber/cucumber-junit/4.2.0/cucumber-junit-4.2.0.jar:/Users/swapnil.mirkute/.m2/repository/io/cucumber/cucumber-core/4.2.0/cucumber-core-4.2.0.jar:/Users/swapnil.mirkute/.m2/repository/io/cucumber/cucumber-html/0.2.7/cucumber-html-0.2.7.jar:/Users/swapnil.mirkute/.m2/repository/io/cucumber/tag-expressions/1.1.1/tag-expressions-1.1.1.jar:/Users/swapnil.mirkute/.m2/repository/io/cucumber/cucumber-expressions/6.2.0/cucumber-expressions-6.2.0.jar:/Users/swapnil.mirkute/.m2/repository/io/cucumber/datatable/1.1.7/datatable-1.1.7.jar:/Users/swapnil.mirkute/.m2/repository/io/cucumber/datatable-dependencies/1.1.7/datatable-dependencies-1.1.7.jar:/Users/swapnil.mirkute/.m2/repository/io/cucumber/cucumber-java/4.2.0/cucumber-java-4.2.0.jar:/Users/swapnil.mirkute/.m2/repository/io/cucumber/cucumber-picocontainer/4.2.0/cucumber-picocontainer-4.2.0.jar:/Users/swapnil.mirkute/.m2/repository/io/cucumber/gherkin/5.1.0/gherkin-5.1.0.jar:/Users/swapnil.mirkute/.m2/repository/org/picocontainer/picocontainer/2.15/picocontainer-2.15.jar:/Users/swapnil.mirkute/.m2/repository/org/seleniumhq/selenium/selenium-java/3.141.59/selenium-java-3.141.59.jar:/Users/swapnil.mirkute/.m2/repository/org/seleniumhq/selenium/selenium-api/3.141.59/selenium-api-3.141.59.jar:/Users/swapnil.mirkute/.m2/repository/org/seleniumhq/selenium/selenium-chrome-driver/3.141.59/selenium-chrome-driver-3.141.59.jar:/Users/swapnil.mirkute/.m2/repository/org/seleniumhq/selenium/selenium-edge-driver/3.141.59/selenium-edge-driver-3.141.59.jar:/Users/swapnil.mirkute/.m2/repository/org/seleniumhq/selenium/selenium-firefox-driver/3.141.59/selenium-firefox-driver-3.141.59.jar:/Users/swapnil.mirkute/.m2/repository/org/seleniumhq/selenium/selenium-ie-driver/3.141.59/selenium-ie-driver-3.141.59.jar:/Users/swapnil.mirkute/.m2/repository/org/seleniumhq/selenium/selenium-opera-driver/3.141.59/selenium-opera-driver-3.141.59.jar:/Users/swapnil.mirkute/.m2/repository/org/seleniumhq/selenium/selenium-remote-driver/3.141.59/selenium-remote-driver-3.141.59.jar:/Users/swapnil.mirkute/.m2/repository/org/seleniumhq/selenium/selenium-safari-driver/3.141.59/selenium-safari-driver-3.141.59.jar:/Users/swapnil.mirkute/.m2/repository/org/seleniumhq/selenium/selenium-support/3.141.59/selenium-support-3.141.59.jar:/Users/swapnil.mirkute/.m2/repository/net/bytebuddy/byte-buddy/1.8.15/byte-buddy-1.8.15.jar:/Users/swapnil.mirkute/.m2/repository/org/apache/commons/commons-exec/1.3/commons-exec-1.3.jar:/Users/swapnil.mirkute/.m2/repository/com/google/guava/guava/25.0-jre/guava-25.0-jre.jar:/Users/swapnil.mirkute/.m2/repository/com/google/code/findbugs/jsr305/1.3.9/jsr305-1.3.9.jar:/Users/swapnil.mirkute/.m2/repository/org/checkerframework/checker-compat-qual/2.0.0/checker-compat-qual-2.0.0.jar:/Users/swapnil.mirkute/.m2/repository/com/google/errorprone/error_prone_annotations/2.1.3/error_prone_annotations-2.1.3.jar:/Users/swapnil.mirkute/.m2/repository/com/google/j2objc/j2objc-annotations/1.1/j2objc-annotations-1.1.jar:/Users/swapnil.mirkute/.m2/repository/org/codehaus/mojo/animal-sniffer-annotations/1.14/animal-sniffer-annotations-1.14.jar:/Users/swapnil.mirkute/.m2/repository/com/squareup/okhttp3/okhttp/3.11.0/okhttp-3.11.0.jar:/Users/swapnil.mirkute/.m2/repository/com/squareup/okio/okio/1.14.0/okio-1.14.0.jar:"/>
    <property name="java.vm.vendor" value="Eclipse Adoptium"/>
    <property name="sun.arch.data.model" value="64"/>
    <property name="java.vendor.url" value="https://adoptium.net/"/>
    <property name="os.name" value="Mac OS X"/>
    <property name="java.vm.specification.version" value="17"/>
    <property name="sun.java.launcher" value="SUN_STANDARD"/>
    <property name="user.country" value="SG"/>
    <property name="sun.boot.library.path" value="/Users/swapnil.mirkute/.p2/pool/plugins/org.eclipse.justj.openjdk.hotspot.jre.full.macosx.x86_64_17.0.4.v20220805-1047/jre/lib"/>
    <property name="sun.java.command" value="/Users/swapnil.mirkute/eclipse-workspace/e2e-ui-automation/target/surefire/surefirebooter10667233656532956113.jar /Users/swapnil.mirkute/eclipse-workspace/e2e-ui-automation/target/surefire 2023-04-02T22-54-34_449-jvmRun1 surefire9867448890435233330tmp surefire_074455698988538103tmp"/>
    <property name="jdk.debug" value="release"/>
    <property name="surefire.test.class.path" value="/Users/swapnil.mirkute/eclipse-workspace/e2e-ui-automation/target/test-classes:/Users/swapnil.mirkute/eclipse-workspace/e2e-ui-automation/target/classes:/Users/swapnil.mirkute/.m2/repository/net/masterthought/cucumber-reporting/5.3.0/cucumber-reporting-5.3.0.jar:/Users/swapnil.mirkute/.m2/repository/com/fasterxml/jackson/core/jackson-databind/2.10.1/jackson-databind-2.10.1.jar:/Users/swapnil.mirkute/.m2/repository/com/fasterxml/jackson/core/jackson-annotations/2.10.1/jackson-annotations-2.10.1.jar:/Users/swapnil.mirkute/.m2/repository/com/fasterxml/jackson/core/jackson-core/2.10.1/jackson-core-2.10.1.jar:/Users/swapnil.mirkute/.m2/repository/com/fasterxml/jackson/datatype/jackson-datatype-jsr310/2.10.1/jackson-datatype-jsr310-2.10.1.jar:/Users/swapnil.mirkute/.m2/repository/org/apache/velocity/velocity-engine-core/2.1/velocity-engine-core-2.1.jar:/Users/swapnil.mirkute/.m2/repository/org/slf4j/slf4j-api/1.7.26/slf4j-api-1.7.26.jar:/Users/swapnil.mirkute/.m2/repository/commons-collections/commons-collections/3.2.2/commons-collections-3.2.2.jar:/Users/swapnil.mirkute/.m2/repository/joda-time/joda-time/2.10.5/joda-time-2.10.5.jar:/Users/swapnil.mirkute/.m2/repository/org/apache/commons/commons-lang3/3.9/commons-lang3-3.9.jar:/Users/swapnil.mirkute/.m2/repository/commons-io/commons-io/2.6/commons-io-2.6.jar:/Users/swapnil.mirkute/.m2/repository/org/codehaus/plexus/plexus-utils/3.3.0/plexus-utils-3.3.0.jar:/Users/swapnil.mirkute/.m2/repository/org/jsoup/jsoup/1.12.1/jsoup-1.12.1.jar:/Users/swapnil.mirkute/.m2/repository/com/googlecode/owasp-java-html-sanitizer/owasp-java-html-sanitizer/20191001.1/owasp-java-html-sanitizer-20191001.1.jar:/Users/swapnil.mirkute/.m2/repository/commons-configuration/commons-configuration/1.10/commons-configuration-1.10.jar:/Users/swapnil.mirkute/.m2/repository/commons-lang/commons-lang/2.6/commons-lang-2.6.jar:/Users/swapnil.mirkute/.m2/repository/commons-logging/commons-logging/1.1.1/commons-logging-1.1.1.jar:/Users/swapnil.mirkute/.m2/repository/junit/junit/4.12/junit-4.12.jar:/Users/swapnil.mirkute/.m2/repository/org/hamcrest/hamcrest-core/1.3/hamcrest-core-1.3.jar:/Users/swapnil.mirkute/.m2/repository/io/cucumber/cucumber-junit/4.2.0/cucumber-junit-4.2.0.jar:/Users/swapnil.mirkute/.m2/repository/io/cucumber/cucumber-core/4.2.0/cucumber-core-4.2.0.jar:/Users/swapnil.mirkute/.m2/repository/io/cucumber/cucumber-html/0.2.7/cucumber-html-0.2.7.jar:/Users/swapnil.mirkute/.m2/repository/io/cucumber/tag-expressions/1.1.1/tag-expressions-1.1.1.jar:/Users/swapnil.mirkute/.m2/repository/io/cucumber/cucumber-expressions/6.2.0/cucumber-expressions-6.2.0.jar:/Users/swapnil.mirkute/.m2/repository/io/cucumber/datatable/1.1.7/datatable-1.1.7.jar:/Users/swapnil.mirkute/.m2/repository/io/cucumber/datatable-dependencies/1.1.7/datatable-dependencies-1.1.7.jar:/Users/swapnil.mirkute/.m2/repository/io/cucumber/cucumber-java/4.2.0/cucumber-java-4.2.0.jar:/Users/swapnil.mirkute/.m2/repository/io/cucumber/cucumber-picocontainer/4.2.0/cucumber-picocontainer-4.2.0.jar:/Users/swapnil.mirkute/.m2/repository/io/cucumber/gherkin/5.1.0/gherkin-5.1.0.jar:/Users/swapnil.mirkute/.m2/repository/org/picocontainer/picocontainer/2.15/picocontainer-2.15.jar:/Users/swapnil.mirkute/.m2/repository/org/seleniumhq/selenium/selenium-java/3.141.59/selenium-java-3.141.59.jar:/Users/swapnil.mirkute/.m2/repository/org/seleniumhq/selenium/selenium-api/3.141.59/selenium-api-3.141.59.jar:/Users/swapnil.mirkute/.m2/repository/org/seleniumhq/selenium/selenium-chrome-driver/3.141.59/selenium-chrome-driver-3.141.59.jar:/Users/swapnil.mirkute/.m2/repository/org/seleniumhq/selenium/selenium-edge-driver/3.141.59/selenium-edge-driver-3.141.59.jar:/Users/swapnil.mirkute/.m2/repository/org/seleniumhq/selenium/selenium-firefox-driver/3.141.59/selenium-firefox-driver-3.141.59.jar:/Users/swapnil.mirkute/.m2/repository/org/seleniumhq/selenium/selenium-ie-driver/3.141.59/selenium-ie-driver-3.141.59.jar:/Users/swapnil.mirkute/.m2/repository/org/seleniumhq/selenium/selenium-opera-driver/3.141.59/selenium-opera-driver-3.141.59.jar:/Users/swapnil.mirkute/.m2/repository/org/seleniumhq/selenium/selenium-remote-driver/3.141.59/selenium-remote-driver-3.141.59.jar:/Users/swapnil.mirkute/.m2/repository/org/seleniumhq/selenium/selenium-safari-driver/3.141.59/selenium-safari-driver-3.141.59.jar:/Users/swapnil.mirkute/.m2/repository/org/seleniumhq/selenium/selenium-support/3.141.59/selenium-support-3.141.59.jar:/Users/swapnil.mirkute/.m2/repository/net/bytebuddy/byte-buddy/1.8.15/byte-buddy-1.8.15.jar:/Users/swapnil.mirkute/.m2/repository/org/apache/commons/commons-exec/1.3/commons-exec-1.3.jar:/Users/swapnil.mirkute/.m2/repository/com/google/guava/guava/25.0-jre/guava-25.0-jre.jar:/Users/swapnil.mirkute/.m2/repository/com/google/code/findbugs/jsr305/1.3.9/jsr305-1.3.9.jar:/Users/swapnil.mirkute/.m2/repository/org/checkerframework/checker-compat-qual/2.0.0/checker-compat-qual-2.0.0.jar:/Users/swapnil.mirkute/.m2/repository/com/google/errorprone/error_prone_annotations/2.1.3/error_prone_annotations-2.1.3.jar:/Users/swapnil.mirkute/.m2/repository/com/google/j2objc/j2objc-annotations/1.1/j2objc-annotations-1.1.jar:/Users/swapnil.mirkute/.m2/repository/org/codehaus/mojo/animal-sniffer-annotations/1.14/animal-sniffer-annotations-1.14.jar:/Users/swapnil.mirkute/.m2/repository/com/squareup/okhttp3/okhttp/3.11.0/okhttp-3.11.0.jar:/Users/swapnil.mirkute/.m2/repository/com/squareup/okio/okio/1.14.0/okio-1.14.0.jar:"/>
    <property name="sun.cpu.endian" value="little"/>
    <property name="user.home" value="/Users/swapnil.mirkute"/>
    <property name="user.language" value="en"/>
    <property name="java.specification.vendor" value="Oracle Corporation"/>
    <property name="java.version.date" value="2022-07-19"/>
    <property name="java.home" value="/Users/swapnil.mirkute/.p2/pool/plugins/org.eclipse.justj.openjdk.hotspot.jre.full.macosx.x86_64_17.0.4.v20220805-1047/jre"/>
    <property name="file.separator" value="/"/>
    <property name="basedir" value="/Users/swapnil.mirkute/eclipse-workspace/e2e-ui-automation"/>
    <property name="java.vm.compressedOopsMode" value="Zero based"/>
    <property name="line.separator" value="&#10;"/>
    <property name="java.vm.specification.vendor" value="Oracle Corporation"/>
    <property name="java.specification.name" value="Java Platform API Specification"/>
    <property name="surefire.real.class.path" value="/Users/swapnil.mirkute/eclipse-workspace/e2e-ui-automation/target/surefire/surefirebooter10667233656532956113.jar"/>
    <property name="sun.management.compiler" value="HotSpot 64-Bit Tiered Compilers"/>
    <property name="java.runtime.version" value="17.0.4+8"/>
    <property name="user.name" value="swapnil.mirkute"/>
    <property name="path.separator" value=":"/>
    <property name="os.version" value="12.6.4"/>
    <property name="java.runtime.name" value="OpenJDK Runtime Environment"/>
    <property name="file.encoding" value="UTF-8"/>
    <property name="java.vm.name" value="OpenJDK 64-Bit Server VM"/>
    <property name="java.vendor.version" value="Temurin-17.0.4+8"/>
    <property name="localRepository" value="/Users/swapnil.mirkute/.m2/repository"/>
    <property name="java.vendor.url.bug" value="https://github.com/adoptium/adoptium-support/issues"/>
    <property name="java.io.tmpdir" value="/var/folders/w3/rt_l4spn78qcyphfwfygmcnh0000gn/T/"/>
    <property name="java.version" value="17.0.4"/>
    <property name="user.dir" value="/Users/swapnil.mirkute/eclipse-workspace/e2e-ui-automation"/>
    <property name="os.arch" value="x86_64"/>
    <property name="java.vm.specification.name" value="Java Virtual Machine Specification"/>
    <property name="native.encoding" value="UTF-8"/>
    <property name="java.library.path" value="/Users/swapnil.mirkute/Library/Java/Extensions:/Library/Java/Extensions:/Network/Library/Java/Extensions:/System/Library/Java/Extensions:/usr/lib/java:."/>
    <property name="java.vm.info" value="mixed mode"/>
    <property name="java.vendor" value="Eclipse Adoptium"/>
    <property name="java.vm.version" value="17.0.4+8"/>
    <property name="sun.io.unicode.encoding" value="UnicodeBig"/>
    <property name="java.class.version" value="61.0"/>
  </properties>
  <testcase name="Add and remove items from todo list" classname="Manage todo list as a todoMVC user" time="28.406"/>
</testsuite>